Drill report for /kicad-project/hardware/alakol.kicad_pcb
Created on Sat Apr 18 10:51:23 2020

Copper Layer Stackup:
    =============================================================
    L1 :  F.Cu                      front
    L2 :  In1.Cu                    in1
    L3 :  In2.Cu                    in2
    L4 :  B.Cu                      back


Drill file 'alakol.drl' contains
    plated through holes:
    =============================================================
    T1  0.30mm  0.012"  (166 holes)
    T2  0.35mm  0.014"  (4 holes)
    T3  0.90mm  0.035"  (6 holes)
    T4  1.00mm  0.039"  (15 holes)
    T5  1.20mm  0.047"  (8 holes)
    T6  1.60mm  0.063"  (5 holes)
    T7  1.80mm  0.071"  (4 holes)
    T8  2.50mm  0.098"  (2 holes)

    Total plated holes count 210


Not plated through holes are merged with plated holes
    unplated through holes:
    =============================================================
    T9  1.80mm  0.071"  (4 holes)
    T10  2.40mm  0.094"  (1 hole)
    T11  3.20mm  0.126"  (1 hole)
    T12  3.25mm  0.128"  (2 holes)
    T13  4.00mm  0.157"  (1 hole)

    Total unplated holes count 9
